<?xml version="1.0" encoding="UTF-8"?>
<testsuite name="org.deg.uni.analysis.terms.simplifying.QualityTest" tests="1" skipped="0" failures="0" errors="0" timestamp="2022-05-02T14:36:06" hostname="Hans" time="0.001">
  <properties/>
  <testcase name="testQuality1()" classname="org.deg.uni.analysis.terms.simplifying.QualityTest" time="0.001"/>
  <system-out><![CDATA[term 1: -3.4000000000000004
term 2: -2.6
]]></system-out>
  <system-err><![CDATA[]]></system-err>
</testsuite>
