<?xml version="1.0" encoding="UTF-8"?>
<testsuite name="org.deg.uni.analysis.terms.TermTest" tests="3" skipped="0" failures="0" errors="0" timestamp="2022-05-02T14:36:06" hostname="Hans" time="0.027">
  <properties/>
  <testcase name="testDiv()" classname="org.deg.uni.analysis.terms.TermTest" time="0.016"/>
  <testcase name="test1()" classname="org.deg.uni.analysis.terms.TermTest" time="0.001"/>
  <testcase name="testEqualsProduct()" classname="org.deg.uni.analysis.terms.TermTest" time="0.009"/>
  <system-out><![CDATA[]]></system-out>
  <system-err><![CDATA[]]></system-err>
</testsuite>
