<?xml version="1.0" encoding="UTF-8"?>
<testsuite name="org.deg.uni.analysis.terms.simplifying.RuleBookTest" tests="41" skipped="0" failures="0" errors="0" timestamp="2022-05-02T14:36:06" hostname="Hans" time="0.367">
  <properties/>
  <testcase name="testLogRules1()" classname="org.deg.uni.analysis.terms.simplifying.RuleBookTest" time="0.003"/>
  <testcase name="testLogRules2()" classname="org.deg.uni.analysis.terms.simplifying.RuleBookTest" time="0.003"/>
  <testcase name="testLogRules3()" classname="org.deg.uni.analysis.terms.simplifying.RuleBookTest" time="0.005"/>
  <testcase name="testLogRules()" classname="org.deg.uni.analysis.terms.simplifying.RuleBookTest" time="0.003"/>
  <testcase name="testProductRules1()" classname="org.deg.uni.analysis.terms.simplifying.RuleBookTest" time="0.008"/>
  <testcase name="testProductRules2()" classname="org.deg.uni.analysis.terms.simplifying.RuleBookTest" time="0.032"/>
  <testcase name="testProductRules3()" classname="org.deg.uni.analysis.terms.simplifying.RuleBookTest" time="0.006"/>
  <testcase name="testProductRules4()" classname="org.deg.uni.analysis.terms.simplifying.RuleBookTest" time="0.019"/>
  <testcase name="testProductRules5()" classname="org.deg.uni.analysis.terms.simplifying.RuleBookTest" time="0.008"/>
  <testcase name="testProductRules6()" classname="org.deg.uni.analysis.terms.simplifying.RuleBookTest" time="0.004"/>
  <testcase name="testProductRules7()" classname="org.deg.uni.analysis.terms.simplifying.RuleBookTest" time="0.019"/>
  <testcase name="testProductRules8()" classname="org.deg.uni.analysis.terms.simplifying.RuleBookTest" time="0.01"/>
  <testcase name="testProductRules9()" classname="org.deg.uni.analysis.terms.simplifying.RuleBookTest" time="0.005"/>
  <testcase name="testSumRules10_1()" classname="org.deg.uni.analysis.terms.simplifying.RuleBookTest" time="0.017"/>
  <testcase name="testPowerRules1()" classname="org.deg.uni.analysis.terms.simplifying.RuleBookTest" time="0.005"/>
  <testcase name="testPowerRules2()" classname="org.deg.uni.analysis.terms.simplifying.RuleBookTest" time="0.003"/>
  <testcase name="testPowerRules3()" classname="org.deg.uni.analysis.terms.simplifying.RuleBookTest" time="0.005"/>
  <testcase name="testProductRules10()" classname="org.deg.uni.analysis.terms.simplifying.RuleBookTest" time="0.005"/>
  <testcase name="testProductRules11()" classname="org.deg.uni.analysis.terms.simplifying.RuleBookTest" time="0.006"/>
  <testcase name="testProductRules12()" classname="org.deg.uni.analysis.terms.simplifying.RuleBookTest" time="0.006"/>
  <testcase name="testProductRules13()" classname="org.deg.uni.analysis.terms.simplifying.RuleBookTest" time="0.005"/>
  <testcase name="testSumRules10()" classname="org.deg.uni.analysis.terms.simplifying.RuleBookTest" time="0.007"/>
  <testcase name="testSumRules11()" classname="org.deg.uni.analysis.terms.simplifying.RuleBookTest" time="0.036"/>
  <testcase name="testSumRules12()" classname="org.deg.uni.analysis.terms.simplifying.RuleBookTest" time="0.007"/>
  <testcase name="testSumRules13()" classname="org.deg.uni.analysis.terms.simplifying.RuleBookTest" time="0.009"/>
  <testcase name="testSumRules14()" classname="org.deg.uni.analysis.terms.simplifying.RuleBookTest" time="0.003"/>
  <testcase name="testSumRules15()" classname="org.deg.uni.analysis.terms.simplifying.RuleBookTest" time="0.011"/>
  <testcase name="testSumRules1()" classname="org.deg.uni.analysis.terms.simplifying.RuleBookTest" time="0.003"/>
  <testcase name="testSumRules2()" classname="org.deg.uni.analysis.terms.simplifying.RuleBookTest" time="0.01"/>
  <testcase name="testSumRules3()" classname="org.deg.uni.analysis.terms.simplifying.RuleBookTest" time="0.006"/>
  <testcase name="testSumRules4()" classname="org.deg.uni.analysis.terms.simplifying.RuleBookTest" time="0.002"/>
  <testcase name="testSumRules5()" classname="org.deg.uni.analysis.terms.simplifying.RuleBookTest" time="0.002"/>
  <testcase name="testSumRules6()" classname="org.deg.uni.analysis.terms.simplifying.RuleBookTest" time="0.005"/>
  <testcase name="testSumRules7()" classname="org.deg.uni.analysis.terms.simplifying.RuleBookTest" time="0.029"/>
  <testcase name="testSumRules8()" classname="org.deg.uni.analysis.terms.simplifying.RuleBookTest" time="0.002"/>
  <testcase name="testSumRules9()" classname="org.deg.uni.analysis.terms.simplifying.RuleBookTest" time="0.004"/>
  <testcase name="testNumericalRules()" classname="org.deg.uni.analysis.terms.simplifying.RuleBookTest" time="0.002"/>
  <testcase name="testNumericalRules1()" classname="org.deg.uni.analysis.terms.simplifying.RuleBookTest" time="0.001"/>
  <testcase name="testNumericalRules2()" classname="org.deg.uni.analysis.terms.simplifying.RuleBookTest" time="0.003"/>
  <testcase name="testNumericalRules3()" classname="org.deg.uni.analysis.terms.simplifying.RuleBookTest" time="0.001"/>
  <testcase name="testNumericalRules4()" classname="org.deg.uni.analysis.terms.simplifying.RuleBookTest" time="0.001"/>
  <system-out><![CDATA[Term: Ln(E)
with: Log_(a)(a) -> 1  ([{a=E}])
is:   1
Term: Log_(x)(x^y)
with: Log_(a)(a^b) -> b  ([{b=y, a=x}])
with: Log_(a)(b^c) -> c * Log_(a)(b)  ([{c=y, b=x, a=x}])
is:   y
is:   y * Log_(x)(x)
Term: Log_(x + 1)((x + 1)^y)
with: Log_(a)(a^b) -> b  ([{b=y, a=x + 1}])
with: Log_(a)(b^c) -> c * Log_(a)(b)  ([{c=y, b=x + 1, a=x + 1}])
is:   y
is:   y * Log_(x + 1)(x + 1)
Term: Log_(1 + x)(1)
with: Log_(a)(1) -> 0  ([{a=1 + x}])
is:   0
Term: x * y * 1 * z
with: f1 * 1 -> f1  ([{f1=x * y * z}, {f1=x * z * y}, {f1=y * x * z}, {f1=y * z * x}, {f1=z * x * y}, {f1=z * y * x}])
is:   x * y * z
Term: x * y * 0 * z
with: f1 * 0 -> 0  ([{f1=x * y * z}, {f1=x * z * y}, {f1=y * x * z}, {f1=y * z * x}, {f1=z * x * y}, {f1=z * y * x}])
is:   0
Term: x * y * (x * y)^-1
with: f1 * f1^-1 -> 1  ([{f1=x * y}, {f1=x * y}])
with: f1 * f1^b -> f1^(b + 1)  ([{f1=x * y, b=-1}, {f1=x * y, b=-1}])
is:   1
is:   (x * y)^(-1 + 1)
Term: x * x^-1 * z * q
with: a * a^-1 * f1 -> f1  ([{f1=z * q, a=x}, {f1=q * z, a=x}])
with: a * a^b * f1 -> a^(b + 1) * f1  ([{f1=z * q, b=-1, a=x}, {f1=q * z, b=-1, a=x}])
is:   z * q
is:   x^(-1 + 1) * (z * q)
Term: x * y * (z + 1 + q)
with: f1 * (a + f2) -> f1 * a + f1 * f2  ([{f1=x * y, f2=1 + q, a=z}, {f1=x * y, f2=q + 1, a=z}, {f1=x * y, f2=z + q, a=1}, {f1=x * y, f2=q + z, a=1}, {f1=x * y, f2=z + 1, a=q}, {f1=x * y, f2=1 + z, a=q}, {f1=y * x, f2=1 + q, a=z}, {f1=y * x, f2=q + 1, a=z}, {f1=y * x, f2=z + q, a=1}, {f1=y * x, f2=q + z, a=1}, {f1=y * x, f2=z + 1, a=q}, {f1=y * x, f2=1 + z, a=q}])
is:   (x * y) * z + (x * y) * (1 + q)
Term: (x + 2) * (2 + x)
with: f1 * (a + f2) -> f1 * a + f1 * f2  ([{f1=x + 2, f2=x, a=2}, {f1=x + 2, f2=2, a=x}, {f1=2 + x, f2=2, a=x}, {f1=2 + x, f2=x, a=2}])
with: a * a -> a^2  ([{a=2 + x}, {a=x + 2}])
is:   (x + 2) * 2 + (x + 2) * x
is:   (2 + x)^2
Term: (x + 2) * (2 + x) * q * 2
with: f1 * (a + f2) -> f1 * a + f1 * f2  ([{f1=(x + 2) * q * 2, f2=x, a=2}, {f1=(x + 2) * q * 2, f2=2, a=x}, {f1=(x + 2) * 2 * q, f2=x, a=2}, {f1=(x + 2) * 2 * q, f2=2, a=x}, {f1=(2 + x) * q * 2, f2=2, a=x}, {f1=(2 + x) * q * 2, f2=x, a=2}, {f1=(2 + x) * 2 * q, f2=2, a=x}, {f1=(2 + x) * 2 * q, f2=x, a=2}, {f1=q * (x + 2) * 2, f2=x, a=2}, {f1=q * (x + 2) * 2, f2=2, a=x}, {f1=q * (2 + x) * 2, f2=2, a=x}, {f1=q * (2 + x) * 2, f2=x, a=2}, {f1=q * 2 * (x + 2), f2=x, a=2}, {f1=q * 2 * (x + 2), f2=2, a=x}, {f1=q * 2 * (2 + x), f2=2, a=x}, {f1=q * 2 * (2 + x), f2=x, a=2}, {f1=2 * (x + 2) * q, f2=x, a=2}, {f1=2 * (x + 2) * q, f2=2, a=x}, {f1=2 * (2 + x) * q, f2=2, a=x}, {f1=2 * (2 + x) * q, f2=x, a=2}, {f1=2 * q * (x + 2), f2=x, a=2}, {f1=2 * q * (x + 2), f2=2, a=x}, {f1=2 * q * (2 + x), f2=2, a=x}, {f1=2 * q * (2 + x), f2=x, a=2}])
with: a * a * f1 -> a^2 * f1  ([{f1=q * 2, a=x + 2}, {f1=2 * q, a=x + 2}, {f1=q * 2, a=2 + x}, {f1=2 * q, a=2 + x}])
is:   ((x + 2) * q * 2) * 2 + ((x + 2) * q * 2) * x
is:   (x + 2)^2 * (q * 2)
Term: 2 * x * y * (2 * x * y)^(1 + x)
with: f1 * f1^b -> f1^(b + 1)  ([{f1=2 * x * y, b=1 + x}, {f1=2 * x * y, b=1 + x}, {f1=2 * x * y, b=1 + x}, {f1=2 * x * y, b=1 + x}, {f1=2 * x * y, b=1 + x}, {f1=2 * x * y, b=1 + x}])
is:   (2 * x * y)^((1 + x) + 1)
Term: x * x^(2 + Ln(y)) * q
with: a * a^b * f1 -> a^(b + 1) * f1  ([{f1=q, b=2 + Ln(y), a=x}])
is:   x^((2 + Ln(y)) + 1) * q
Term: Ln(2) * 2^x * x^2 + 2^x * 2 * x
with: a * f1 + a * f2 -> a * (f1 + f2)  ([{f1=Ln(2) * x^2, f2=2 * x, a=2^x}, {f1=Ln(2) * x^2, f2=x * 2, a=2^x}, {f1=x^2 * Ln(2), f2=2 * x, a=2^x}, {f1=2 * x, f2=Ln(2) * x^2, a=2^x}, {f1=2 * x, f2=x^2 * Ln(2), a=2^x}, {f1=x * 2, f2=Ln(2) * x^2, a=2^x}])
with: a * f1 + a^b * f2 -> a * (f1 + f2 * a^(b + -1))  ([{f1=2^x * x, f2=Ln(2) * x^2, b=x, a=2}, {f1=x * 2^x, f2=Ln(2) * x^2, b=x, a=2}, {f1=2^x * x, f2=x^2 * Ln(2), b=x, a=2}, {f1=2^x * 2, f2=Ln(2) * 2^x, b=2, a=x}, {f1=2 * 2^x, f2=Ln(2) * 2^x, b=2, a=x}, {f1=2^x * 2, f2=2^x * Ln(2), b=2, a=x}])
is:   2^x * (Ln(2) * x^2 + 2 * x)
is:   2 * (2^x * x + (Ln(2) * x^2) * 2^(x + -1))
Term: 5^2
with: n1^n2 -> n1^n2  ([{n1=5, n2=2}])
is:   25
Term: 5^(1 / 2)
with: n1^n2 -> n1^n2  ([{n1=5, n2=1 / 2}])
is:   5^(1 / 2)
Term: 5^(x + y)
with: a^(b + f1) -> a^b * a^f1  ([{f1=y, b=x, a=5}, {f1=x, b=y, a=5}])
is:   5^x * 5^y
Term: Ln(x)^y * Ln(x)^z
with: a^b * a^c -> a^(b + c)  ([{c=z, b=y, a=Ln(x)}, {c=y, b=z, a=Ln(x)}])
is:   Ln(x)^(y + z)
Term: Ln(x)^y * Ln(x)^z * q
with: a^b * a^c * f1 -> a^(b + c) * f1  ([{f1=q, c=z, b=y, a=Ln(x)}, {f1=q, c=y, b=z, a=Ln(x)}])
is:   Ln(x)^(y + z) * q
Term: y^Ln(x) * z^Ln(x)
with: a^b * c^b -> (a * c)^b  ([{c=z, b=Ln(x), a=y}, {c=y, b=Ln(x), a=z}])
is:   (y * z)^Ln(x)
Term: y^Ln(x) * z^Ln(x) * q
with: a^b * c^b * f1 -> (a * c)^b * f1  ([{f1=q, c=z, b=Ln(x), a=y}, {f1=q, c=y, b=Ln(x), a=z}])
is:   (y * z)^Ln(x) * q
Term: y * x * z + 2 * x^2 * 3
with: a * f1 + a^b * f2 -> a * (f1 + f2 * a^(b + -1))  ([{f1=y * z, f2=2 * 3, b=2, a=x}, {f1=z * y, f2=2 * 3, b=2, a=x}, {f1=y * z, f2=3 * 2, b=2, a=x}])
is:   x * (y * z + (2 * 3) * x^(2 + -1))
Term: y * x * z + 2 * x^2 * 3 + q + 2
with: a * f1 + a + f2 -> a * (f1 + 1) + f2  ([{f1=x^2 * 3, f2=y * x * z + q, a=2}, {f1=3 * x^2, f2=y * x * z + q, a=2}, {f1=x^2 * 3, f2=q + y * x * z, a=2}, {f1=3 * x^2, f2=q + y * x * z, a=2}])
with: a * f1 + a^b * f2 + f3 -> a * (f1 + f2 * a^(b + -1)) + f3  ([{f3=q + 2, f1=y * z, f2=2 * 3, b=2, a=x}, {f3=q + 2, f1=z * y, f2=2 * 3, b=2, a=x}, {f3=q + 2, f1=y * z, f2=3 * 2, b=2, a=x}, {f3=2 + q, f1=y * z, f2=2 * 3, b=2, a=x}, {f3=2 + q, f1=z * y, f2=2 * 3, b=2, a=x}, {f3=2 + q, f1=y * z, f2=3 * 2, b=2, a=x}])
is:   2 * (x^2 * 3 + 1) + (y * x * z + q)
is:   x * (y * z + (2 * 3) * x^(2 + -1)) + (q + 2)
Term: Log_(x)(y) + Log_(x)(4)
with: Log_(c)(a) + Log_(c)(b) -> Log_(c)(a * b)  ([{c=x, b=4, a=y}, {c=x, b=y, a=4}])
is:   Log_(x)(y * 4)
Term: Log_(x)(y) + Log_(x)(4) + 2 + x
with: Log_(c)(a) + Log_(c)(b) + f1 -> Log_(c)(a * b) + f1  ([{f1=2 + x, c=x, b=y, a=4}, {f1=x + 2, c=x, b=y, a=4}, {f1=2 + x, c=x, b=4, a=y}, {f1=x + 2, c=x, b=4, a=y}])
is:   Log_(x)(4 * y) + (2 + x)
Term: Log_(x)(y) + -1 * Log_(x)(2)
with: Log_(c)(a) + -1 * Log_(c)(b) -> Log_(c)(a * b^-1)  ([{c=x, b=2, a=y}])
is:   Log_(x)(y * 2^-1)
Term: Log_(x)(y) + -1 * Log_(x)(2) + q + 1
with: Log_(c)(a) + -1 * Log_(c)(b) + f1 -> Log_(c)(a * b^-1) + f1  ([{f1=q + 1, c=x, b=2, a=y}, {f1=1 + q, c=x, b=2, a=y}])
is:   Log_(x)(y * 2^-1) + (q + 1)
Term: x + y + 0
with: f1 + 0 -> f1  ([{f1=x + y}, {f1=y + x}])
is:   x + y
Term: x + -1 * x
with: a + -1 * a -> 0  ([{a=x}])
with: a * f1 + a -> a * (f1 + 1)  ([{f1=-1, a=x}])
is:   0
is:   x * (-1 + 1)
Term: x + -1 * x + y
with: a + -1 * a + f2 -> f2  ([{f2=y, a=x}])
with: a * f1 + a + f2 -> a * (f1 + 1) + f2  ([{f1=-1, f2=y, a=x}])
is:   y
is:   x * (-1 + 1) + y
Term: x + x
with: a + a -> 2 * a  ([{a=x}, {a=x}])
is:   2 * x
Term: x + x + y
with: a + a + f1 -> 2 * a + f1  ([{f1=y, a=x}, {f1=y, a=x}])
is:   2 * x + y
Term: x * z * (y + 1) + x * y * (z + 1)
with: a * f1 + a * f2 -> a * (f1 + f2)  ([{f1=z * (y + 1), f2=y * (z + 1), a=x}, {f1=z * (y + 1), f2=(z + 1) * y, a=x}, {f1=(y + 1) * z, f2=y * (z + 1), a=x}, {f1=y * (z + 1), f2=z * (y + 1), a=x}, {f1=y * (z + 1), f2=(y + 1) * z, a=x}, {f1=(z + 1) * y, f2=z * (y + 1), a=x}])
is:   x * (z * (y + 1) + y * (z + 1))
Term: x * z * (y + 1) + x * y * (z + 1) + q + 1
with: a * f1 + a * f2 + f3 -> a * (f1 + f2) + f3  ([{f3=q + 1, f1=y * (z + 1), f2=z * (y + 1), a=x}, {f3=q + 1, f1=y * (z + 1), f2=(y + 1) * z, a=x}, {f3=q + 1, f1=(z + 1) * y, f2=z * (y + 1), a=x}, {f3=1 + q, f1=y * (z + 1), f2=z * (y + 1), a=x}, {f3=1 + q, f1=y * (z + 1), f2=(y + 1) * z, a=x}, {f3=1 + q, f1=(z + 1) * y, f2=z * (y + 1), a=x}, {f3=q + 1, f1=z * (y + 1), f2=y * (z + 1), a=x}, {f3=q + 1, f1=z * (y + 1), f2=(z + 1) * y, a=x}, {f3=q + 1, f1=(y + 1) * z, f2=y * (z + 1), a=x}, {f3=1 + q, f1=z * (y + 1), f2=y * (z + 1), a=x}, {f3=1 + q, f1=z * (y + 1), f2=(z + 1) * y, a=x}, {f3=1 + q, f1=(y + 1) * z, f2=y * (z + 1), a=x}])
is:   x * (y * (z + 1) + z * (y + 1)) + (q + 1)
Term: x * (z + 1) + x
with: a * f1 + a -> a * (f1 + 1)  ([{f1=z + 1, a=x}])
is:   x * ((z + 1) + 1)
Term: x * (z + 1) + x + (y + 1)
with: a * f1 + a + f2 -> a * (f1 + 1) + f2  ([{f1=z + 1, f2=y + 1, a=x}])
is:   x * ((z + 1) + 1) + (y + 1)
Term: 1 + y + 2
with: n1 + n2 + f1 -> n1 + n2 + f1  ([{f1=y, n1=1, n2=2}, {f1=y, n1=2, n2=1}])
is:   3 + y
Term: 1 + 2
with: n1 + n2 -> n1 + n2  ([{n1=1, n2=2}, {n1=2, n2=1}])
is:   3
Term: 1 + 2 + x
with: n1 + n2 + f1 -> n1 + n2 + f1  ([{f1=x, n1=1, n2=2}, {f1=x, n1=2, n2=1}])
is:   3 + x
Term: 1 + y + 2
with: n1 + n2 + f1 -> n1 + n2 + f1  ([{f1=y, n1=1, n2=2}, {f1=y, n1=2, n2=1}])
is:   3 + y
1
]]></system-out>
  <system-err><![CDATA[]]></system-err>
</testsuite>
